<ns0:test-suite xmlns:ns0="urn:model.allure.qatools.yandex.ru" start="1545139292068" stop="1545139338772">
  <name>test_login2</name>
  <labels/>
  <test-cases>
    <test-case start="1545139292068" status="failed" stop="1545139308696">
      <name>TestLogin.test_login[itheima-1234566-None-\u767b\u5f55\u5bc6\u7801\u9519\u8bef]</name>
      <failure>
        <message>AssertionError: assert '登录密码错误1' in '登录密码错误'
 +  where '登录密码错误' = &lt;bound method Base.base_get_toast of &lt;page.page_login.PageLogin object at 0x000000000410F390&gt;&gt;('登录密码错误')
 +    where &lt;bound method Base.base_get_toast of &lt;page.page_login.PageLogin object at 0x000000000410F390&gt;&gt; = &lt;page.page_login.PageLogin object at 0x000000000410F390&gt;.base_get_toast</message>
        <stack-trace>self = &lt;test_login2.TestLogin object at 0x000000000410F550&gt;, username = 'itheima', password = '1234566', expect_result = None
expect_toast = '登录密码错误'

    @pytest.mark.parametrize("username, password, expect_result, expect_toast", get_data())
    @allure.step("开始执行登录测试")
    def test_login(self, username, password, expect_result, expect_toast):
        login = self.login
        if expect_result:
            try:
                # 输入帐号
                login.page_input_username(username)
                # 输入密码
                login.page_input_password(password)
                # 点击登录
                login.page_click_login_btn()
                # 获取昵称 + 断言
                assert expect_result in login.page_get_nikename()
                # 断言成功 退出
                # 点击个人 设置
                login.page_click_mysetting()
                # 退出
                login.page_logout()
                # 点击 我
                login.page_me_click()
                # 点击 去登录
                login.page_have_count_click()
            # 断言失败则
            except AssertionError:
                # 截图
                login.base_get_screenshot()
                # 打开图片 写入报告
                with open("./image/faild.png", "rb") as f:
                    allure.attach("失败原因: ", f.read(), allure.attach_type.PNG)
        # 逆向登录 test_login
        else:
            try:
                # 输入帐号
                login.page_input_username(username)
                # 输入密码
                login.page_input_password(password)
                # 点击登录
                login.page_click_login_btn()
                # 获取昵称 + 断言
                # assert expect_toast in login.base_get_toast(expect_toast)
                # 调试断言 失败,写入报告
&gt;               assert "登录密码错误1" in login.base_get_toast(expect_toast)
E               AssertionError: assert '登录密码错误1' in '登录密码错误'
E                +  where '登录密码错误' = &lt;bound method Base.base_get_toast of &lt;page.page_login.PageLogin object at 0x000000000410F390&gt;&gt;('登录密码错误')
E                +    where &lt;bound method Base.base_get_toast of &lt;page.page_login.PageLogin object at 0x000000000410F390&gt;&gt; = &lt;page.page_login.PageLogin object at 0x000000000410F390&gt;.base_get_toast

scripts\test_login2.py:81: AssertionError</stack-trace>
      </failure>
      <attachments/>
      <labels>
        <label name="severity" value="normal"/>
        <label name="thread" value="7532-MainThread"/>
        <label name="host" value="PC201312241557"/>
        <label name="framework" value="pytest"/>
        <label name="language" value="cpython3"/>
      </labels>
      <steps>
        <step start="1545139292076" status="passed" stop="1545139292076">
          <name>实例化登录页面的对象</name>
          <title>实例化登录页面的对象</title>
          <attachments/>
          <steps/>
        </step>
        <step start="1545139292076" status="passed" stop="1545139293493">
          <name>点击 我</name>
          <title>点击 我</title>
          <attachments/>
          <steps/>
        </step>
        <step start="1545139293493" status="passed" stop="1545139295335">
          <name>点击 已有帐号,请登录</name>
          <title>点击 已有帐号,请登录</title>
          <attachments/>
          <steps/>
        </step>
        <step start="1545139295336" status="failed" stop="1545139308651">
          <name>开始执行登录测试</name>
          <title>开始执行登录测试</title>
          <attachments>
            <attachment source="d116d295-6782-4377-bcd2-aeec30e3ed0b-attachment.png" title="失败原因: " type="image/png"/>
          </attachments>
          <steps>
            <step start="1545139295336" status="passed" stop="1545139297393">
              <name>输入帐号</name>
              <title>输入帐号</title>
              <attachments/>
              <steps/>
            </step>
            <step start="1545139297393" status="passed" stop="1545139300064">
              <name>输入密码</name>
              <title>输入密码</title>
              <attachments/>
              <steps/>
            </step>
            <step start="1545139300064" status="passed" stop="1545139300617">
              <name>点击登录</name>
              <title>点击登录</title>
              <attachments/>
              <steps/>
            </step>
          </steps>
        </step>
      </steps>
    </test-case>
    <test-case start="1545139308700" status="passed" stop="1545139338772">
      <name>TestLogin.test_login[18610453007-123456-itheima-None]</name>
      <attachments/>
      <labels>
        <label name="severity" value="normal"/>
        <label name="thread" value="7532-MainThread"/>
        <label name="host" value="PC201312241557"/>
        <label name="framework" value="pytest"/>
        <label name="language" value="cpython3"/>
      </labels>
      <steps>
        <step start="1545139308701" status="passed" stop="1545139338771">
          <name>开始执行登录测试</name>
          <title>开始执行登录测试</title>
          <attachments/>
          <steps>
            <step start="1545139308701" status="passed" stop="1545139310451">
              <name>输入帐号</name>
              <title>输入帐号</title>
              <attachments/>
              <steps/>
            </step>
            <step start="1545139310451" status="passed" stop="1545139313380">
              <name>输入密码</name>
              <title>输入密码</title>
              <attachments/>
              <steps/>
            </step>
            <step start="1545139313380" status="passed" stop="1545139313965">
              <name>点击登录</name>
              <title>点击登录</title>
              <attachments/>
              <steps/>
            </step>
            <step start="1545139313965" status="passed" stop="1545139316041">
              <name>获取昵称</name>
              <title>获取昵称</title>
              <attachments/>
              <steps/>
            </step>
            <step start="1545139316041" status="passed" stop="1545139316104">
              <name>点击设置</name>
              <title>点击设置</title>
              <attachments/>
              <steps/>
            </step>
            <step start="1545139316104" status="passed" stop="1545139333913">
              <name>拖拽 短信提醒 到 地址管理</name>
              <title>拖拽 短信提醒 到 地址管理</title>
              <attachments/>
              <steps/>
            </step>
            <step start="1545139333913" status="passed" stop="1545139334463">
              <name>点击退出</name>
              <title>点击退出</title>
              <attachments/>
              <steps/>
            </step>
            <step start="1545139334463" status="passed" stop="1545139335698">
              <name>点击确认退出</name>
              <title>点击确认退出</title>
              <attachments/>
              <steps/>
            </step>
            <step start="1545139335698" status="passed" stop="1545139336952">
              <name>点击 我</name>
              <title>点击 我</title>
              <attachments/>
              <steps/>
            </step>
            <step start="1545139336952" status="passed" stop="1545139338771">
              <name>点击 已有帐号,请登录</name>
              <title>点击 已有帐号,请登录</title>
              <attachments/>
              <steps/>
            </step>
          </steps>
        </step>
      </steps>
    </test-case>
  </test-cases>
</ns0:test-suite>
